<?xml version="1.0" encoding="UTF-8"?>
<coverage generated="1553247420952" clover="3.2.0">
  <project timestamp="1553247420952" name="All files">
    <metrics statements="217" coveredstatements="209" conditionals="90" coveredconditionals="75" methods="40" coveredmethods="40" elements="347" coveredelements="324" complexity="0" loc="217" ncloc="217" packages="1" files="6" classes="6">
      <file name="compile.js" path="/Users/wang/Desktop/工作/捷信/UnitTest/miniprogram-simulate-master/src/compile.js">
        <metrics statements="25" coveredstatements="21" conditionals="10" coveredconditionals="6" methods="0" coveredmethods="0"/>
        <line num="1" count="20" type="stmt"/>
        <line num="2" count="20" type="stmt"/>
        <line num="4" count="20" type="stmt"/>
        <line num="5" count="20" type="stmt"/>
        <line num="6" count="20" type="stmt"/>
        <line num="8" count="20" type="stmt"/>
        <line num="13" count="14" type="stmt"/>
        <line num="15" count="14" type="cond" truecount="2" falsecount="0"/>
        <line num="16" count="8" type="cond" truecount="1" falsecount="1"/>
        <line num="18" count="8" type="cond" truecount="1" falsecount="1"/>
        <line num="19" count="0" type="stmt"/>
        <line num="20" count="0" type="cond" truecount="0" falsecount="2"/>
        <line num="22" count="0" type="stmt"/>
        <line num="26" count="8" type="cond" truecount="2" falsecount="0"/>
        <line num="27" count="3" type="stmt"/>
        <line num="29" count="5" type="stmt"/>
        <line num="31" count="5" type="stmt"/>
        <line num="33" count="5" type="stmt"/>
        <line num="34" count="5" type="stmt"/>
        <line num="37" count="8" type="stmt"/>
        <line num="38" count="8" type="stmt"/>
        <line num="41" count="8" type="stmt"/>
        <line num="45" count="0" type="stmt"/>
        <line num="49" count="8" type="stmt"/>
        <line num="51" count="8" type="stmt"/>
      </file>
      <file name="definition.js" path="/Users/wang/Desktop/工作/捷信/UnitTest/miniprogram-simulate-master/src/definition.js">
        <metrics statements="7" coveredstatements="7" conditionals="0" coveredconditionals="0" methods="2" coveredmethods="2"/>
        <line num="1" count="20" type="stmt"/>
        <line num="3" count="20" type="stmt"/>
        <line num="5" count="20" type="stmt"/>
        <line num="16" count="20" type="stmt"/>
        <line num="18" count="20" type="stmt"/>
        <line num="19" count="700" type="stmt"/>
        <line num="27" count="20" type="stmt"/>
      </file>
      <file name="index.js" path="/Users/wang/Desktop/工作/捷信/UnitTest/miniprogram-simulate-master/src/index.js">
        <metrics statements="83" coveredstatements="81" conditionals="46" coveredconditionals="42" methods="12" coveredmethods="12"/>
        <line num="2" count="20" type="stmt"/>
        <line num="3" count="20" type="stmt"/>
        <line num="5" count="20" type="stmt"/>
        <line num="6" count="20" type="stmt"/>
        <line num="7" count="20" type="stmt"/>
        <line num="8" count="20" type="stmt"/>
        <line num="9" count="20" type="stmt"/>
        <line num="11" count="20" type="stmt"/>
        <line num="12" count="20" type="stmt"/>
        <line num="17" count="20" type="stmt"/>
        <line num="18" count="14" type="stmt"/>
        <line num="19" count="14" type="stmt"/>
        <line num="28" count="14" type="stmt"/>
        <line num="34" count="20" type="stmt"/>
        <line num="40" count="1" type="cond" truecount="1" falsecount="1"/>
        <line num="41" count="1" type="stmt"/>
        <line num="44" count="0" type="stmt"/>
        <line num="51" count="20" type="cond" truecount="2" falsecount="0"/>
        <line num="53" count="4" type="stmt"/>
        <line num="55" count="4" type="stmt"/>
        <line num="58" count="16" type="cond" truecount="2" falsecount="0"/>
        <line num="59" count="1" type="stmt"/>
        <line num="62" count="15" type="cond" truecount="4" falsecount="0"/>
        <line num="63" count="8" type="stmt"/>
        <line num="66" count="15" type="stmt"/>
        <line num="67" count="15" type="stmt"/>
        <line num="72" count="15" type="cond" truecount="2" falsecount="0"/>
        <line num="73" count="1" type="stmt"/>
        <line num="77" count="14" type="cond" truecount="1" falsecount="1"/>
        <line num="78" count="14" type="stmt"/>
        <line num="79" count="14" type="stmt"/>
        <line num="80" count="5" type="stmt"/>
        <line num="81" count="5" type="stmt"/>
        <line num="82" count="5" type="stmt"/>
        <line num="84" count="5" type="stmt"/>
        <line num="88" count="14" type="stmt"/>
        <line num="89" count="14" type="stmt"/>
        <line num="92" count="14" type="stmt"/>
        <line num="95" count="14" type="stmt"/>
        <line num="100" count="14" type="stmt"/>
        <line num="102" count="14" type="stmt"/>
        <line num="109" count="15" type="cond" truecount="2" falsecount="0"/>
        <line num="110" count="4" type="stmt"/>
        <line num="111" count="4" type="stmt"/>
        <line num="114" count="15" type="cond" truecount="2" falsecount="0"/>
        <line num="115" count="10" type="stmt"/>
        <line num="120" count="5" type="stmt"/>
        <line num="126" count="15" type="stmt"/>
        <line num="130" count="15" type="stmt"/>
        <line num="133" count="13" type="stmt"/>
        <line num="135" count="13" type="stmt"/>
        <line num="142" count="14" type="cond" truecount="2" falsecount="0"/>
        <line num="144" count="13" type="stmt"/>
        <line num="146" count="13" type="cond" truecount="2" falsecount="0"/>
        <line num="148" count="12" type="stmt"/>
        <line num="151" count="13" type="stmt"/>
        <line num="158" count="6" type="cond" truecount="5" falsecount="0"/>
        <line num="161" count="5" type="stmt"/>
        <line num="164" count="5" type="stmt"/>
        <line num="165" count="5" type="stmt"/>
        <line num="167" count="5" type="stmt"/>
        <line num="168" count="5" type="stmt"/>
        <line num="170" count="5" type="stmt"/>
        <line num="177" count="10" type="stmt"/>
        <line num="178" count="10" type="stmt"/>
        <line num="179" count="10" type="stmt"/>
        <line num="188" count="5" type="cond" truecount="4" falsecount="0"/>
        <line num="189" count="4" type="cond" truecount="3" falsecount="1"/>
        <line num="191" count="4" type="cond" truecount="2" falsecount="0"/>
        <line num="193" count="4" type="stmt"/>
        <line num="194" count="4" type="stmt"/>
        <line num="196" count="4" type="stmt"/>
        <line num="197" count="4" type="stmt"/>
        <line num="199" count="4" type="cond" truecount="1" falsecount="1"/>
        <line num="200" count="4" type="stmt"/>
        <line num="202" count="26" type="stmt"/>
        <line num="203" count="26" type="cond" truecount="2" falsecount="0"/>
        <line num="204" count="22" type="stmt"/>
        <line num="207" count="26" type="stmt"/>
        <line num="212" count="0" type="stmt"/>
        <line num="217" count="20" type="stmt"/>
        <line num="218" count="20" type="stmt"/>
        <line num="220" count="20" type="stmt"/>
      </file>
      <file name="polyfill.js" path="/Users/wang/Desktop/工作/捷信/UnitTest/miniprogram-simulate-master/src/polyfill.js">
        <metrics statements="15" coveredstatements="15" conditionals="3" coveredconditionals="1" methods="3" coveredmethods="3"/>
        <line num="1" count="20" type="stmt"/>
        <line num="8" count="6" type="stmt"/>
        <line num="9" count="6" type="stmt"/>
        <line num="10" count="6" type="stmt"/>
        <line num="11" count="6" type="stmt"/>
        <line num="12" count="6" type="stmt"/>
        <line num="13" count="6" type="stmt"/>
        <line num="14" count="6" type="stmt"/>
        <line num="15" count="6" type="stmt"/>
        <line num="17" count="6" type="stmt"/>
        <line num="18" count="36" type="stmt"/>
        <line num="23" count="20" type="stmt"/>
        <line num="24" count="20" type="cond" truecount="1" falsecount="1"/>
        <line num="25" count="20" type="stmt"/>
        <line num="26" count="20" type="stmt"/>
      </file>
      <file name="utils.js" path="/Users/wang/Desktop/工作/捷信/UnitTest/miniprogram-simulate-master/src/utils.js">
        <metrics statements="42" coveredstatements="40" conditionals="10" coveredconditionals="8" methods="10" coveredmethods="10"/>
        <line num="1" count="22" type="stmt"/>
        <line num="3" count="22" type="stmt"/>
        <line num="4" count="22" type="stmt"/>
        <line num="5" count="22" type="stmt"/>
        <line num="6" count="22" type="stmt"/>
        <line num="7" count="22" type="stmt"/>
        <line num="13" count="27" type="stmt"/>
        <line num="20" count="23" type="stmt"/>
        <line num="21" count="23" type="stmt"/>
        <line num="23" count="23" type="stmt"/>
        <line num="24" count="23" type="stmt"/>
        <line num="26" count="14" type="stmt"/>
        <line num="27" count="14" type="stmt"/>
        <line num="35" count="1" type="stmt"/>
        <line num="36" count="1" type="stmt"/>
        <line num="38" count="5" type="cond" truecount="1" falsecount="1"/>
        <line num="39" count="5" type="cond" truecount="2" falsecount="0"/>
        <line num="42" count="1" type="stmt"/>
        <line num="43" count="4" type="stmt"/>
        <line num="44" count="4" type="cond" truecount="2" falsecount="0"/>
        <line num="46" count="3" type="stmt"/>
        <line num="47" count="3" type="stmt"/>
        <line num="49" count="3" type="stmt"/>
        <line num="50" count="2" type="stmt"/>
        <line num="51" count="2" type="stmt"/>
        <line num="54" count="3" type="stmt"/>
        <line num="57" count="1" type="stmt"/>
        <line num="61" count="22" type="stmt"/>
        <line num="62" count="22" type="cond" truecount="3" falsecount="1"/>
        <line num="64" count="22" type="stmt"/>
        <line num="67" count="0" type="stmt"/>
        <line num="71" count="0" type="stmt"/>
        <line num="78" count="35" type="stmt"/>
        <line num="79" count="35" type="stmt"/>
        <line num="81" count="3" type="stmt"/>
        <line num="89" count="18" type="stmt"/>
        <line num="90" count="18" type="stmt"/>
        <line num="91" count="18" type="stmt"/>
        <line num="93" count="1" type="stmt"/>
        <line num="101" count="19" type="stmt"/>
        <line num="108" count="20" type="stmt"/>
        <line num="111" count="22" type="stmt"/>
      </file>
      <file name="wxss.js" path="/Users/wang/Desktop/工作/捷信/UnitTest/miniprogram-simulate-master/src/wxss.js">
        <metrics statements="45" coveredstatements="45" conditionals="21" coveredconditionals="18" methods="13" coveredmethods="13"/>
        <line num="1" count="21" type="stmt"/>
        <line num="2" count="21" type="stmt"/>
        <line num="3" count="21" type="stmt"/>
        <line num="4" count="21" type="stmt"/>
        <line num="6" count="21" type="stmt"/>
        <line num="8" count="21" type="stmt"/>
        <line num="13" count="21" type="cond" truecount="0" falsecount="1"/>
        <line num="14" count="27" type="stmt"/>
        <line num="15" count="27" type="stmt"/>
        <line num="16" count="60" type="cond" truecount="2" falsecount="0"/>
        <line num="17" count="28" type="stmt"/>
        <line num="19" count="28" type="stmt"/>
        <line num="21" count="38" type="stmt"/>
        <line num="24" count="28" type="stmt"/>
        <line num="34" count="8" type="stmt"/>
        <line num="35" count="8" type="stmt"/>
        <line num="36" count="8" type="stmt"/>
        <line num="38" count="8" type="cond" truecount="3" falsecount="0"/>
        <line num="39" count="3" type="stmt"/>
        <line num="43" count="3" type="stmt"/>
        <line num="46" count="8" type="stmt"/>
        <line num="54" count="18" type="cond" truecount="2" falsecount="0"/>
        <line num="55" count="4" type="stmt"/>
        <line num="58" count="14" type="stmt"/>
        <line num="60" count="14" type="cond" truecount="2" falsecount="0"/>
        <line num="61" count="8" type="stmt"/>
        <line num="63" count="8" type="stmt"/>
        <line num="64" count="3" type="stmt"/>
        <line num="69" count="14" type="cond" truecount="2" falsecount="0"/>
        <line num="71" count="14" type="stmt"/>
        <line num="78" count="27" type="cond" truecount="2" falsecount="0"/>
        <line num="79" count="3" type="stmt"/>
        <line num="80" count="3" type="cond" truecount="1" falsecount="1"/>
        <line num="84" count="27" type="stmt"/>
        <line num="90" count="27" type="stmt"/>
        <line num="97" count="14" type="cond" truecount="2" falsecount="0"/>
        <line num="98" count="1" type="stmt"/>
        <line num="102" count="14" type="stmt"/>
        <line num="103" count="1" type="stmt"/>
        <line num="106" count="14" type="stmt"/>
        <line num="107" count="14" type="stmt"/>
        <line num="108" count="14" type="stmt"/>
        <line num="109" count="14" type="stmt"/>
        <line num="111" count="14" type="stmt"/>
        <line num="115" count="21" type="stmt"/>
      </file>
    </metrics>
  </project>
</coverage>
