{"/Users/wang/Desktop/工作/捷信/UnitTest/miniprogram-simulate-master/src/compile.js": {"path":"/Users/wang/Desktop/工作/捷信/UnitTest/miniprogram-simulate-master/src/compile.js","statementMap":{"0":{"start":{"line":1,"column":13},"end":{"line":1,"column":28}},"1":{"start":{"line":2,"column":10},"end":{"line":2,"column":28}},"2":{"start":{"line":4,"column":17},"end":{"line":4,"column":32}},"3":{"start":{"line":5,"column":18},"end":{"line":5,"column":20}},"4":{"start":{"line":6,"column":25},"end":{"line":6,"column":27}},"5":{"start":{"line":8,"column":0},"end":{"line":53,"column":1}},"6":{"start":{"line":13,"column":15},"end":{"line":13,"column":39}},"7":{"start":{"line":15,"column":4},"end":{"line":15,"column":25}},"8":{"start":{"line":15,"column":14},"end":{"line":15,"column":25}},"9":{"start":{"line":16,"column":4},"end":{"line":46,"column":5}},"10":{"start":{"line":18,"column":6},"end":{"line":42,"column":7}},"11":{"start":{"line":19,"column":8},"end":{"line":19,"column":50}},"12":{"start":{"line":20,"column":8},"end":{"line":23,"column":9}},"13":{"start":{"line":22,"column":10},"end":{"line":22,"column":88}},"14":{"start":{"line":26,"column":8},"end":{"line":35,"column":9}},"15":{"start":{"line":27,"column":10},"end":{"line":27,"column":49}},"16":{"start":{"line":29,"column":32},"end":{"line":29,"column":66}},"17":{"start":{"line":31,"column":30},"end":{"line":31,"column":57}},"18":{"start":{"line":33,"column":10},"end":{"line":33,"column":29}},"19":{"start":{"line":34,"column":10},"end":{"line":34,"column":49}},"20":{"start":{"line":37,"column":31},"end":{"line":37,"column":86}},"21":{"start":{"line":38,"column":8},"end":{"line":38,"column":63}},"22":{"start":{"line":41,"column":8},"end":{"line":41,"column":36}},"23":{"start":{"line":45,"column":6},"end":{"line":45,"column":48}},"24":{"start":{"line":49,"column":4},"end":{"line":49,"column":35}},"25":{"start":{"line":51,"column":4},"end":{"line":51,"column":15}}},"fnMap":{},"branchMap":{"0":{"loc":{"start":{"line":15,"column":4},"end":{"line":15,"column":25}},"type":"if","locations":[{"start":{"line":15,"column":4},"end":{"line":15,"column":25}},{"start":{"line":15,"column":4},"end":{"line":15,"column":25}}],"line":15},"1":{"loc":{"start":{"line":16,"column":4},"end":{"line":46,"column":5}},"type":"if","locations":[{"start":{"line":16,"column":4},"end":{"line":46,"column":5}},{"start":{"line":16,"column":4},"end":{"line":46,"column":5}}],"line":16},"2":{"loc":{"start":{"line":18,"column":6},"end":{"line":42,"column":7}},"type":"if","locations":[{"start":{"line":18,"column":6},"end":{"line":42,"column":7}},{"start":{"line":18,"column":6},"end":{"line":42,"column":7}}],"line":18},"3":{"loc":{"start":{"line":20,"column":8},"end":{"line":23,"column":9}},"type":"if","locations":[{"start":{"line":20,"column":8},"end":{"line":23,"column":9}},{"start":{"line":20,"column":8},"end":{"line":23,"column":9}}],"line":20},"4":{"loc":{"start":{"line":26,"column":8},"end":{"line":35,"column":9}},"type":"if","locations":[{"start":{"line":26,"column":8},"end":{"line":35,"column":9}},{"start":{"line":26,"column":8},"end":{"line":35,"column":9}}],"line":26}},"s":{"0":20,"1":20,"2":20,"3":20,"4":20,"5":20,"6":14,"7":14,"8":6,"9":8,"10":8,"11":0,"12":0,"13":0,"14":8,"15":3,"16":5,"17":5,"18":5,"19":5,"20":8,"21":8,"22":8,"23":0,"24":8,"25":8},"f":{},"b":{"0":[6,8],"1":[8,0],"2":[0,8],"3":[0,0],"4":[3,5]},"_coverageSchema":"332fd63041d2c1bcb487cc26dd0d5f7d97098a6c","hash":"96e579a3d7fe8138352929f9380f66dcdf272dbd"}
,"/Users/wang/Desktop/工作/捷信/UnitTest/miniprogram-simulate-master/src/definition.js": {"path":"/Users/wang/Desktop/工作/捷信/UnitTest/miniprogram-simulate-master/src/definition.js","statementMap":{"0":{"start":{"line":1,"column":19},"end":{"line":1,"column":41}},"1":{"start":{"line":3,"column":12},"end":{"line":3,"column":28}},"2":{"start":{"line":5,"column":24},"end":{"line":14,"column":1}},"3":{"start":{"line":16,"column":0},"end":{"line":28,"column":1}},"4":{"start":{"line":18,"column":2},"end":{"line":24,"column":4}},"5":{"start":{"line":19,"column":4},"end":{"line":23,"column":6}},"6":{"start":{"line":27,"column":2},"end":{"line":27,"column":17}}},"fnMap":{"0":{"name":"(anonymous_0)","decl":{"start":{"line":16,"column":17},"end":{"line":16,"column":18}},"loc":{"start":{"line":16,"column":29},"end":{"line":28,"column":1}},"line":16},"1":{"name":"(anonymous_1)","decl":{"start":{"line":18,"column":26},"end":{"line":18,"column":27}},"loc":{"start":{"line":18,"column":34},"end":{"line":24,"column":3}},"line":18}},"branchMap":{},"s":{"0":20,"1":20,"2":20,"3":20,"4":20,"5":700,"6":20},"f":{"0":20,"1":700},"b":{},"_coverageSchema":"332fd63041d2c1bcb487cc26dd0d5f7d97098a6c","hash":"43bdd07d560ded214730b6c2ef39600c4cbc2121"}
,"/Users/wang/Desktop/工作/捷信/UnitTest/miniprogram-simulate-master/src/index.js": {"path":"/Users/wang/Desktop/工作/捷信/UnitTest/miniprogram-simulate-master/src/index.js","statementMap":{"0":{"start":{"line":2,"column":13},"end":{"line":2,"column":28}},"1":{"start":{"line":3,"column":19},"end":{"line":3,"column":41}},"2":{"start":{"line":5,"column":10},"end":{"line":5,"column":28}},"3":{"start":{"line":6,"column":13},"end":{"line":6,"column":30}},"4":{"start":{"line":7,"column":16},"end":{"line":7,"column":36}},"5":{"start":{"line":8,"column":23},"end":{"line":8,"column":44}},"6":{"start":{"line":9,"column":25},"end":{"line":9,"column":48}},"7":{"start":{"line":11,"column":21},"end":{"line":11,"column":23}},"8":{"start":{"line":12,"column":14},"end":{"line":12,"column":18}},"9":{"start":{"line":17,"column":0},"end":{"line":29,"column":1}},"10":{"start":{"line":18,"column":20},"end":{"line":18,"column":27}},"11":{"start":{"line":19,"column":21},"end":{"line":26,"column":13}},"12":{"start":{"line":28,"column":2},"end":{"line":28,"column":48}},"13":{"start":{"line":34,"column":0},"end":{"line":34,"column":63}},"14":{"start":{"line":34,"column":32},"end":{"line":34,"column":63}},"15":{"start":{"line":40,"column":2},"end":{"line":42,"column":3}},"16":{"start":{"line":41,"column":4},"end":{"line":41,"column":50}},"17":{"start":{"line":44,"column":2},"end":{"line":44,"column":40}},"18":{"start":{"line":51,"column":2},"end":{"line":56,"column":3}},"19":{"start":{"line":53,"column":23},"end":{"line":53,"column":36}},"20":{"start":{"line":55,"column":4},"end":{"line":55,"column":42}},"21":{"start":{"line":58,"column":2},"end":{"line":60,"column":3}},"22":{"start":{"line":59,"column":4},"end":{"line":59,"column":53}},"23":{"start":{"line":62,"column":2},"end":{"line":64,"column":3}},"24":{"start":{"line":63,"column":4},"end":{"line":63,"column":20}},"25":{"start":{"line":66,"column":18},"end":{"line":66,"column":25}},"26":{"start":{"line":67,"column":20},"end":{"line":70,"column":3}},"27":{"start":{"line":72,"column":2},"end":{"line":74,"column":3}},"28":{"start":{"line":73,"column":4},"end":{"line":73,"column":62}},"29":{"start":{"line":77,"column":26},"end":{"line":77,"column":62}},"30":{"start":{"line":78,"column":29},"end":{"line":78,"column":57}},"31":{"start":{"line":79,"column":2},"end":{"line":85,"column":3}},"32":{"start":{"line":80,"column":16},"end":{"line":80,"column":37}},"33":{"start":{"line":81,"column":22},"end":{"line":81,"column":82}},"34":{"start":{"line":82,"column":15},"end":{"line":82,"column":46}},"35":{"start":{"line":84,"column":4},"end":{"line":84,"column":29}},"36":{"start":{"line":88,"column":2},"end":{"line":88,"column":81}},"37":{"start":{"line":89,"column":2},"end":{"line":89,"column":59}},"38":{"start":{"line":92,"column":2},"end":{"line":92,"column":24}},"39":{"start":{"line":95,"column":2},"end":{"line":98,"column":5}},"40":{"start":{"line":100,"column":2},"end":{"line":100,"column":19}},"41":{"start":{"line":102,"column":2},"end":{"line":102,"column":21}},"42":{"start":{"line":109,"column":2},"end":{"line":112,"column":3}},"43":{"start":{"line":110,"column":4},"end":{"line":110,"column":21}},"44":{"start":{"line":111,"column":4},"end":{"line":111,"column":16}},"45":{"start":{"line":114,"column":2},"end":{"line":124,"column":3}},"46":{"start":{"line":115,"column":4},"end":{"line":118,"column":15}},"47":{"start":{"line":120,"column":4},"end":{"line":123,"column":15}},"48":{"start":{"line":126,"column":16},"end":{"line":129,"column":3}},"49":{"start":{"line":130,"column":13},"end":{"line":130,"column":52}},"50":{"start":{"line":133,"column":2},"end":{"line":133,"column":26}},"51":{"start":{"line":135,"column":2},"end":{"line":135,"column":11}},"52":{"start":{"line":142,"column":2},"end":{"line":142,"column":62}},"53":{"start":{"line":142,"column":11},"end":{"line":142,"column":62}},"54":{"start":{"line":144,"column":16},"end":{"line":144,"column":32}},"55":{"start":{"line":146,"column":2},"end":{"line":149,"column":3}},"56":{"start":{"line":148,"column":4},"end":{"line":148,"column":31}},"57":{"start":{"line":151,"column":2},"end":{"line":151,"column":42}},"58":{"start":{"line":158,"column":2},"end":{"line":158,"column":89}},"59":{"start":{"line":158,"column":77},"end":{"line":158,"column":89}},"60":{"start":{"line":161,"column":2},"end":{"line":162,"column":42}},"61":{"start":{"line":164,"column":12},"end":{"line":164,"column":27}},"62":{"start":{"line":165,"column":12},"end":{"line":165,"column":27}},"63":{"start":{"line":167,"column":2},"end":{"line":167,"column":29}},"64":{"start":{"line":168,"column":2},"end":{"line":168,"column":20}},"65":{"start":{"line":170,"column":2},"end":{"line":170,"column":25}},"66":{"start":{"line":177,"column":2},"end":{"line":181,"column":4}},"67":{"start":{"line":178,"column":4},"end":{"line":180,"column":12}},"68":{"start":{"line":179,"column":6},"end":{"line":179,"column":15}},"69":{"start":{"line":188,"column":2},"end":{"line":188,"column":59}},"70":{"start":{"line":188,"column":26},"end":{"line":188,"column":59}},"71":{"start":{"line":189,"column":2},"end":{"line":189,"column":56}},"72":{"start":{"line":189,"column":47},"end":{"line":189,"column":56}},"73":{"start":{"line":191,"column":2},"end":{"line":191,"column":46}},"74":{"start":{"line":193,"column":14},"end":{"line":193,"column":22}},"75":{"start":{"line":194,"column":16},"end":{"line":194,"column":42}},"76":{"start":{"line":196,"column":15},"end":{"line":196,"column":32}},"77":{"start":{"line":197,"column":14},"end":{"line":197,"column":24}},"78":{"start":{"line":199,"column":2},"end":{"line":213,"column":3}},"79":{"start":{"line":200,"column":4},"end":{"line":209,"column":5}},"80":{"start":{"line":202,"column":6},"end":{"line":208,"column":11}},"81":{"start":{"line":203,"column":8},"end":{"line":204,"column":34}},"82":{"start":{"line":203,"column":29},"end":{"line":203,"column":55}},"83":{"start":{"line":204,"column":13},"end":{"line":204,"column":34}},"84":{"start":{"line":207,"column":8},"end":{"line":207,"column":82}},"85":{"start":{"line":212,"column":4},"end":{"line":212,"column":30}},"86":{"start":{"line":217,"column":0},"end":{"line":217,"column":16}},"87":{"start":{"line":218,"column":0},"end":{"line":218,"column":18}},"88":{"start":{"line":220,"column":0},"end":{"line":227,"column":1}}},"fnMap":{"0":{"name":"(anonymous_0)","decl":{"start":{"line":17,"column":19},"end":{"line":17,"column":20}},"loc":{"start":{"line":17,"column":30},"end":{"line":29,"column":1}},"line":17},"1":{"name":"(anonymous_1)","decl":{"start":{"line":34,"column":18},"end":{"line":34,"column":19}},"loc":{"start":{"line":34,"column":32},"end":{"line":34,"column":63}},"line":34},"2":{"name":"behavior","decl":{"start":{"line":39,"column":9},"end":{"line":39,"column":17}},"loc":{"start":{"line":39,"column":30},"end":{"line":45,"column":1}},"line":39},"3":{"name":"register","decl":{"start":{"line":50,"column":9},"end":{"line":50,"column":17}},"loc":{"start":{"line":50,"column":49},"end":{"line":103,"column":1}},"line":50},"4":{"name":"load","decl":{"start":{"line":108,"column":9},"end":{"line":108,"column":13}},"loc":{"start":{"line":108,"column":52},"end":{"line":136,"column":1}},"line":108},"5":{"name":"render","decl":{"start":{"line":141,"column":9},"end":{"line":141,"column":15}},"loc":{"start":{"line":141,"column":32},"end":{"line":152,"column":1}},"line":141},"6":{"name":"match","decl":{"start":{"line":157,"column":9},"end":{"line":157,"column":14}},"loc":{"start":{"line":157,"column":26},"end":{"line":171,"column":1}},"line":157},"7":{"name":"sleep","decl":{"start":{"line":176,"column":9},"end":{"line":176,"column":14}},"loc":{"start":{"line":176,"column":25},"end":{"line":182,"column":1}},"line":176},"8":{"name":"(anonymous_8)","decl":{"start":{"line":177,"column":21},"end":{"line":177,"column":22}},"loc":{"start":{"line":177,"column":32},"end":{"line":181,"column":3}},"line":177},"9":{"name":"(anonymous_9)","decl":{"start":{"line":178,"column":15},"end":{"line":178,"column":16}},"loc":{"start":{"line":178,"column":21},"end":{"line":180,"column":5}},"line":178},"10":{"name":"scroll","decl":{"start":{"line":187,"column":9},"end":{"line":187,"column":15}},"loc":{"start":{"line":187,"column":74},"end":{"line":214,"column":1}},"line":187},"11":{"name":"(anonymous_11)","decl":{"start":{"line":202,"column":17},"end":{"line":202,"column":18}},"loc":{"start":{"line":202,"column":23},"end":{"line":208,"column":7}},"line":202}},"branchMap":{"0":{"loc":{"start":{"line":40,"column":2},"end":{"line":42,"column":3}},"type":"if","locations":[{"start":{"line":40,"column":2},"end":{"line":42,"column":3}},{"start":{"line":40,"column":2},"end":{"line":42,"column":3}}],"line":40},"1":{"loc":{"start":{"line":51,"column":2},"end":{"line":56,"column":3}},"type":"if","locations":[{"start":{"line":51,"column":2},"end":{"line":56,"column":3}},{"start":{"line":51,"column":2},"end":{"line":56,"column":3}}],"line":51},"2":{"loc":{"start":{"line":58,"column":2},"end":{"line":60,"column":3}},"type":"if","locations":[{"start":{"line":58,"column":2},"end":{"line":60,"column":3}},{"start":{"line":58,"column":2},"end":{"line":60,"column":3}}],"line":58},"3":{"loc":{"start":{"line":62,"column":2},"end":{"line":64,"column":3}},"type":"if","locations":[{"start":{"line":62,"column":2},"end":{"line":64,"column":3}},{"start":{"line":62,"column":2},"end":{"line":64,"column":3}}],"line":62},"4":{"loc":{"start":{"line":62,"column":6},"end":{"line":62,"column":45}},"type":"binary-expr","locations":[{"start":{"line":62,"column":6},"end":{"line":62,"column":14}},{"start":{"line":62,"column":18},"end":{"line":62,"column":45}}],"line":62},"5":{"loc":{"start":{"line":72,"column":2},"end":{"line":74,"column":3}},"type":"if","locations":[{"start":{"line":72,"column":2},"end":{"line":74,"column":3}},{"start":{"line":72,"column":2},"end":{"line":74,"column":3}}],"line":72},"6":{"loc":{"start":{"line":77,"column":26},"end":{"line":77,"column":62}},"type":"binary-expr","locations":[{"start":{"line":77,"column":26},"end":{"line":77,"column":56}},{"start":{"line":77,"column":60},"end":{"line":77,"column":62}}],"line":77},"7":{"loc":{"start":{"line":108,"column":38},"end":{"line":108,"column":50}},"type":"default-arg","locations":[{"start":{"line":108,"column":48},"end":{"line":108,"column":50}}],"line":108},"8":{"loc":{"start":{"line":109,"column":2},"end":{"line":112,"column":3}},"type":"if","locations":[{"start":{"line":109,"column":2},"end":{"line":112,"column":3}},{"start":{"line":109,"column":2},"end":{"line":112,"column":3}}],"line":109},"9":{"loc":{"start":{"line":114,"column":2},"end":{"line":124,"column":3}},"type":"if","locations":[{"start":{"line":114,"column":2},"end":{"line":124,"column":3}},{"start":{"line":114,"column":2},"end":{"line":124,"column":3}}],"line":114},"10":{"loc":{"start":{"line":142,"column":2},"end":{"line":142,"column":62}},"type":"if","locations":[{"start":{"line":142,"column":2},"end":{"line":142,"column":62}},{"start":{"line":142,"column":2},"end":{"line":142,"column":62}}],"line":142},"11":{"loc":{"start":{"line":146,"column":2},"end":{"line":149,"column":3}},"type":"if","locations":[{"start":{"line":146,"column":2},"end":{"line":149,"column":3}},{"start":{"line":146,"column":2},"end":{"line":149,"column":3}}],"line":146},"12":{"loc":{"start":{"line":158,"column":2},"end":{"line":158,"column":89}},"type":"if","locations":[{"start":{"line":158,"column":2},"end":{"line":158,"column":89}},{"start":{"line":158,"column":2},"end":{"line":158,"column":89}}],"line":158},"13":{"loc":{"start":{"line":158,"column":6},"end":{"line":158,"column":75}},"type":"binary-expr","locations":[{"start":{"line":158,"column":6},"end":{"line":158,"column":38}},{"start":{"line":158,"column":42},"end":{"line":158,"column":47}},{"start":{"line":158,"column":51},"end":{"line":158,"column":75}}],"line":158},"14":{"loc":{"start":{"line":176,"column":15},"end":{"line":176,"column":23}},"type":"default-arg","locations":[{"start":{"line":176,"column":22},"end":{"line":176,"column":23}}],"line":176},"15":{"loc":{"start":{"line":187,"column":22},"end":{"line":187,"column":36}},"type":"default-arg","locations":[{"start":{"line":187,"column":35},"end":{"line":187,"column":36}}],"line":187},"16":{"loc":{"start":{"line":187,"column":38},"end":{"line":187,"column":48}},"type":"default-arg","locations":[{"start":{"line":187,"column":46},"end":{"line":187,"column":48}}],"line":187},"17":{"loc":{"start":{"line":187,"column":50},"end":{"line":187,"column":72}},"type":"default-arg","locations":[{"start":{"line":187,"column":61},"end":{"line":187,"column":72}}],"line":187},"18":{"loc":{"start":{"line":188,"column":2},"end":{"line":188,"column":59}},"type":"if","locations":[{"start":{"line":188,"column":2},"end":{"line":188,"column":59}},{"start":{"line":188,"column":2},"end":{"line":188,"column":59}}],"line":188},"19":{"loc":{"start":{"line":188,"column":6},"end":{"line":188,"column":24}},"type":"binary-expr","locations":[{"start":{"line":188,"column":6},"end":{"line":188,"column":11}},{"start":{"line":188,"column":15},"end":{"line":188,"column":24}}],"line":188},"20":{"loc":{"start":{"line":189,"column":2},"end":{"line":189,"column":56}},"type":"if","locations":[{"start":{"line":189,"column":2},"end":{"line":189,"column":56}},{"start":{"line":189,"column":2},"end":{"line":189,"column":56}}],"line":189},"21":{"loc":{"start":{"line":189,"column":6},"end":{"line":189,"column":45}},"type":"binary-expr","locations":[{"start":{"line":189,"column":6},"end":{"line":189,"column":31}},{"start":{"line":189,"column":35},"end":{"line":189,"column":45}}],"line":189},"22":{"loc":{"start":{"line":191,"column":15},"end":{"line":191,"column":46}},"type":"cond-expr","locations":[{"start":{"line":191,"column":32},"end":{"line":191,"column":33}},{"start":{"line":191,"column":36},"end":{"line":191,"column":46}}],"line":191},"23":{"loc":{"start":{"line":199,"column":2},"end":{"line":213,"column":3}},"type":"if","locations":[{"start":{"line":199,"column":2},"end":{"line":213,"column":3}},{"start":{"line":199,"column":2},"end":{"line":213,"column":3}}],"line":199},"24":{"loc":{"start":{"line":203,"column":8},"end":{"line":204,"column":34}},"type":"if","locations":[{"start":{"line":203,"column":8},"end":{"line":204,"column":34}},{"start":{"line":203,"column":8},"end":{"line":204,"column":34}}],"line":203}},"s":{"0":20,"1":20,"2":20,"3":20,"4":20,"5":20,"6":20,"7":20,"8":20,"9":20,"10":14,"11":14,"12":14,"13":20,"14":2,"15":1,"16":1,"17":0,"18":20,"19":4,"20":4,"21":16,"22":1,"23":15,"24":8,"25":15,"26":15,"27":15,"28":1,"29":14,"30":14,"31":14,"32":5,"33":5,"34":5,"35":5,"36":14,"37":14,"38":14,"39":14,"40":14,"41":14,"42":15,"43":4,"44":4,"45":15,"46":10,"47":5,"48":15,"49":15,"50":13,"51":13,"52":14,"53":1,"54":13,"55":13,"56":12,"57":13,"58":6,"59":1,"60":5,"61":5,"62":5,"63":5,"64":5,"65":5,"66":10,"67":10,"68":10,"69":5,"70":1,"71":4,"72":0,"73":4,"74":4,"75":4,"76":4,"77":4,"78":4,"79":4,"80":26,"81":26,"82":4,"83":22,"84":26,"85":0,"86":20,"87":20,"88":20},"f":{"0":14,"1":2,"2":1,"3":20,"4":15,"5":14,"6":6,"7":10,"8":10,"9":10,"10":5,"11":26},"b":{"0":[1,0],"1":[4,16],"2":[1,15],"3":[8,7],"4":[15,7],"5":[1,14],"6":[14,0],"7":[14],"8":[4,11],"9":[10,5],"10":[1,13],"11":[12,1],"12":[1,5],"13":[6,5,5],"14":[1],"15":[1],"16":[1],"17":[4],"18":[1,4],"19":[5,4],"20":[0,4],"21":[4,4],"22":[1,3],"23":[4,0],"24":[4,22]},"_coverageSchema":"332fd63041d2c1bcb487cc26dd0d5f7d97098a6c","hash":"a5e5778b43788ed78c6c7528cecfcaf6a36b8848"}
,"/Users/wang/Desktop/工作/捷信/UnitTest/miniprogram-simulate-master/src/polyfill.js": {"path":"/Users/wang/Desktop/工作/捷信/UnitTest/miniprogram-simulate-master/src/polyfill.js","statementMap":{"0":{"start":{"line":1,"column":10},"end":{"line":1,"column":28}},"1":{"start":{"line":8,"column":4},"end":{"line":8,"column":20}},"2":{"start":{"line":9,"column":4},"end":{"line":9,"column":20}},"3":{"start":{"line":10,"column":4},"end":{"line":10,"column":23}},"4":{"start":{"line":11,"column":4},"end":{"line":11,"column":18}},"5":{"start":{"line":12,"column":4},"end":{"line":12,"column":18}},"6":{"start":{"line":13,"column":4},"end":{"line":13,"column":20}},"7":{"start":{"line":14,"column":4},"end":{"line":14,"column":20}},"8":{"start":{"line":15,"column":4},"end":{"line":15,"column":22}},"9":{"start":{"line":17,"column":4},"end":{"line":19,"column":6}},"10":{"start":{"line":18,"column":6},"end":{"line":18,"column":30}},"11":{"start":{"line":23,"column":0},"end":{"line":31,"column":1}},"12":{"start":{"line":24,"column":2},"end":{"line":30,"column":3}},"13":{"start":{"line":25,"column":4},"end":{"line":29,"column":5}},"14":{"start":{"line":26,"column":6},"end":{"line":26,"column":41}}},"fnMap":{"0":{"name":"(anonymous_0)","decl":{"start":{"line":7,"column":2},"end":{"line":7,"column":3}},"loc":{"start":{"line":7,"column":28},"end":{"line":20,"column":3}},"line":7},"1":{"name":"(anonymous_1)","decl":{"start":{"line":17,"column":33},"end":{"line":17,"column":34}},"loc":{"start":{"line":17,"column":40},"end":{"line":19,"column":5}},"line":17},"2":{"name":"(anonymous_2)","decl":{"start":{"line":23,"column":17},"end":{"line":23,"column":18}},"loc":{"start":{"line":23,"column":29},"end":{"line":31,"column":1}},"line":23}},"branchMap":{"0":{"loc":{"start":{"line":7,"column":14},"end":{"line":7,"column":26}},"type":"default-arg","locations":[{"start":{"line":7,"column":24},"end":{"line":7,"column":26}}],"line":7},"1":{"loc":{"start":{"line":24,"column":2},"end":{"line":30,"column":3}},"type":"if","locations":[{"start":{"line":24,"column":2},"end":{"line":30,"column":3}},{"start":{"line":24,"column":2},"end":{"line":30,"column":3}}],"line":24}},"s":{"0":20,"1":6,"2":6,"3":6,"4":6,"5":6,"6":6,"7":6,"8":6,"9":6,"10":36,"11":20,"12":20,"13":20,"14":20},"f":{"0":6,"1":36,"2":20},"b":{"0":[0],"1":[20,0]},"_coverageSchema":"332fd63041d2c1bcb487cc26dd0d5f7d97098a6c","hash":"3753b3da950c439a7173ba66ac21a8df847bbacd"}
,"/Users/wang/Desktop/工作/捷信/UnitTest/miniprogram-simulate-master/src/utils.js": {"path":"/Users/wang/Desktop/工作/捷信/UnitTest/miniprogram-simulate-master/src/utils.js","statementMap":{"0":{"start":{"line":1,"column":13},"end":{"line":1,"column":28}},"1":{"start":{"line":3,"column":21},"end":{"line":3,"column":43}},"2":{"start":{"line":4,"column":10},"end":{"line":4,"column":18}},"3":{"start":{"line":5,"column":9},"end":{"line":5,"column":13}},"4":{"start":{"line":6,"column":15},"end":{"line":6,"column":19}},"5":{"start":{"line":7,"column":12},"end":{"line":7,"column":16}},"6":{"start":{"line":13,"column":2},"end":{"line":13,"column":12}},"7":{"start":{"line":20,"column":2},"end":{"line":20,"column":16}},"8":{"start":{"line":21,"column":2},"end":{"line":21,"column":20}},"9":{"start":{"line":23,"column":2},"end":{"line":23,"column":34}},"10":{"start":{"line":24,"column":2},"end":{"line":28,"column":3}},"11":{"start":{"line":26,"column":4},"end":{"line":26,"column":21}},"12":{"start":{"line":27,"column":4},"end":{"line":27,"column":51}},"13":{"start":{"line":35,"column":2},"end":{"line":35,"column":17}},"14":{"start":{"line":36,"column":2},"end":{"line":41,"column":3}},"15":{"start":{"line":38,"column":22},"end":{"line":38,"column":47}},"16":{"start":{"line":39,"column":6},"end":{"line":39,"column":38}},"17":{"start":{"line":42,"column":2},"end":{"line":58,"column":3}},"18":{"start":{"line":43,"column":20},"end":{"line":43,"column":53}},"19":{"start":{"line":44,"column":4},"end":{"line":55,"column":5}},"20":{"start":{"line":46,"column":19},"end":{"line":46,"column":61}},"21":{"start":{"line":47,"column":18},"end":{"line":47,"column":31}},"22":{"start":{"line":49,"column":6},"end":{"line":52,"column":13}},"23":{"start":{"line":50,"column":25},"end":{"line":50,"column":72}},"24":{"start":{"line":51,"column":8},"end":{"line":51,"column":39}},"25":{"start":{"line":54,"column":6},"end":{"line":54,"column":24}},"26":{"start":{"line":57,"column":4},"end":{"line":57,"column":15}},"27":{"start":{"line":61,"column":0},"end":{"line":72,"column":1}},"28":{"start":{"line":62,"column":2},"end":{"line":68,"column":3}},"29":{"start":{"line":64,"column":4},"end":{"line":64,"column":18}},"30":{"start":{"line":67,"column":4},"end":{"line":67,"column":19}},"31":{"start":{"line":71,"column":2},"end":{"line":71,"column":17}},"32":{"start":{"line":78,"column":2},"end":{"line":82,"column":3}},"33":{"start":{"line":79,"column":4},"end":{"line":79,"column":44}},"34":{"start":{"line":81,"column":4},"end":{"line":81,"column":15}},"35":{"start":{"line":89,"column":2},"end":{"line":94,"column":3}},"36":{"start":{"line":90,"column":20},"end":{"line":90,"column":38}},"37":{"start":{"line":91,"column":4},"end":{"line":91,"column":30}},"38":{"start":{"line":93,"column":4},"end":{"line":93,"column":15}},"39":{"start":{"line":101,"column":2},"end":{"line":101,"column":44}},"40":{"start":{"line":108,"column":2},"end":{"line":108,"column":17}},"41":{"start":{"line":111,"column":0},"end":{"line":120,"column":1}}},"fnMap":{"0":{"name":"getEnv","decl":{"start":{"line":12,"column":9},"end":{"line":12,"column":15}},"loc":{"start":{"line":12,"column":18},"end":{"line":14,"column":1}},"line":12},"1":{"name":"setNodeJsEnv","decl":{"start":{"line":19,"column":9},"end":{"line":19,"column":21}},"loc":{"start":{"line":19,"column":24},"end":{"line":29,"column":1}},"line":19},"2":{"name":"(anonymous_2)","decl":{"start":{"line":24,"column":10},"end":{"line":24,"column":11}},"loc":{"start":{"line":24,"column":22},"end":{"line":28,"column":3}},"line":24},"3":{"name":"setBrowserEnv","decl":{"start":{"line":34,"column":9},"end":{"line":34,"column":22}},"loc":{"start":{"line":34,"column":25},"end":{"line":59,"column":1}},"line":34},"4":{"name":"(anonymous_4)","decl":{"start":{"line":42,"column":27},"end":{"line":42,"column":28}},"loc":{"start":{"line":42,"column":39},"end":{"line":58,"column":3}},"line":42},"5":{"name":"(anonymous_5)","decl":{"start":{"line":49,"column":22},"end":{"line":49,"column":23}},"loc":{"start":{"line":49,"column":38},"end":{"line":52,"column":7}},"line":49},"6":{"name":"readFile","decl":{"start":{"line":77,"column":9},"end":{"line":77,"column":17}},"loc":{"start":{"line":77,"column":28},"end":{"line":83,"column":1}},"line":77},"7":{"name":"readJson","decl":{"start":{"line":88,"column":9},"end":{"line":88,"column":17}},"loc":{"start":{"line":88,"column":28},"end":{"line":95,"column":1}},"line":88},"8":{"name":"transformRpx","decl":{"start":{"line":100,"column":9},"end":{"line":100,"column":21}},"loc":{"start":{"line":100,"column":29},"end":{"line":102,"column":1}},"line":100},"9":{"name":"getCompiler","decl":{"start":{"line":107,"column":9},"end":{"line":107,"column":20}},"loc":{"start":{"line":107,"column":23},"end":{"line":109,"column":1}},"line":107}},"branchMap":{"0":{"loc":{"start":{"line":38,"column":22},"end":{"line":38,"column":47}},"type":"binary-expr","locations":[{"start":{"line":38,"column":22},"end":{"line":38,"column":41}},{"start":{"line":38,"column":45},"end":{"line":38,"column":47}}],"line":38},"1":{"loc":{"start":{"line":39,"column":13},"end":{"line":39,"column":38}},"type":"binary-expr","locations":[{"start":{"line":39,"column":13},"end":{"line":39,"column":30}},{"start":{"line":39,"column":34},"end":{"line":39,"column":38}}],"line":39},"2":{"loc":{"start":{"line":44,"column":4},"end":{"line":55,"column":5}},"type":"if","locations":[{"start":{"line":44,"column":4},"end":{"line":55,"column":5}},{"start":{"line":44,"column":4},"end":{"line":55,"column":5}}],"line":44},"3":{"loc":{"start":{"line":62,"column":2},"end":{"line":68,"column":3}},"type":"if","locations":[{"start":{"line":62,"column":2},"end":{"line":68,"column":3}},{"start":{"line":62,"column":2},"end":{"line":68,"column":3}}],"line":62},"4":{"loc":{"start":{"line":62,"column":6},"end":{"line":62,"column":63}},"type":"binary-expr","locations":[{"start":{"line":62,"column":6},"end":{"line":62,"column":32}},{"start":{"line":62,"column":36},"end":{"line":62,"column":63}}],"line":62}},"s":{"0":22,"1":22,"2":22,"3":22,"4":22,"5":22,"6":27,"7":23,"8":23,"9":23,"10":23,"11":14,"12":14,"13":1,"14":1,"15":5,"16":5,"17":1,"18":4,"19":4,"20":3,"21":3,"22":3,"23":2,"24":2,"25":3,"26":1,"27":22,"28":22,"29":22,"30":0,"31":0,"32":35,"33":35,"34":3,"35":18,"36":18,"37":18,"38":1,"39":19,"40":20,"41":22},"f":{"0":27,"1":23,"2":14,"3":1,"4":4,"5":2,"6":35,"7":18,"8":19,"9":20},"b":{"0":[5,0],"1":[5,1],"2":[3,1],"3":[22,0],"4":[22,22]},"_coverageSchema":"332fd63041d2c1bcb487cc26dd0d5f7d97098a6c","hash":"ee304c319bd15d6d9c9d6802145de1e2e91d1636"}
,"/Users/wang/Desktop/工作/捷信/UnitTest/miniprogram-simulate-master/src/wxss.js": {"path":"/Users/wang/Desktop/工作/捷信/UnitTest/miniprogram-simulate-master/src/wxss.js","statementMap":{"0":{"start":{"line":1,"column":16},"end":{"line":1,"column":34}},"1":{"start":{"line":2,"column":13},"end":{"line":2,"column":28}},"2":{"start":{"line":3,"column":13},"end":{"line":3,"column":28}},"3":{"start":{"line":4,"column":13},"end":{"line":4,"column":28}},"4":{"start":{"line":6,"column":10},"end":{"line":6,"column":28}},"5":{"start":{"line":8,"column":18},"end":{"line":8,"column":20}},"6":{"start":{"line":13,"column":29},"end":{"line":28,"column":1}},"7":{"start":{"line":14,"column":2},"end":{"line":27,"column":4}},"8":{"start":{"line":14,"column":48},"end":{"line":27,"column":3}},"9":{"start":{"line":15,"column":4},"end":{"line":26,"column":6}},"10":{"start":{"line":16,"column":6},"end":{"line":25,"column":7}},"11":{"start":{"line":17,"column":26},"end":{"line":17,"column":28}},"12":{"start":{"line":19,"column":8},"end":{"line":22,"column":10}},"13":{"start":{"line":21,"column":10},"end":{"line":21,"column":100}},"14":{"start":{"line":21,"column":79},"end":{"line":21,"column":98}},"15":{"start":{"line":24,"column":8},"end":{"line":24,"column":35}},"16":{"start":{"line":34,"column":14},"end":{"line":34,"column":60}},"17":{"start":{"line":35,"column":21},"end":{"line":35,"column":23}},"18":{"start":{"line":36,"column":16},"end":{"line":36,"column":30}},"19":{"start":{"line":38,"column":2},"end":{"line":44,"column":3}},"20":{"start":{"line":39,"column":4},"end":{"line":42,"column":6}},"21":{"start":{"line":43,"column":4},"end":{"line":43,"column":28}},"22":{"start":{"line":46,"column":2},"end":{"line":46,"column":19}},"23":{"start":{"line":54,"column":2},"end":{"line":56,"column":3}},"24":{"start":{"line":55,"column":4},"end":{"line":55,"column":30}},"25":{"start":{"line":58,"column":13},"end":{"line":58,"column":33}},"26":{"start":{"line":60,"column":2},"end":{"line":66,"column":3}},"27":{"start":{"line":61,"column":23},"end":{"line":61,"column":52}},"28":{"start":{"line":63,"column":4},"end":{"line":65,"column":6}},"29":{"start":{"line":64,"column":6},"end":{"line":64,"column":59}},"30":{"start":{"line":69,"column":2},"end":{"line":69,"column":34}},"31":{"start":{"line":71,"column":2},"end":{"line":71,"column":28}},"32":{"start":{"line":78,"column":2},"end":{"line":82,"column":3}},"33":{"start":{"line":79,"column":4},"end":{"line":81,"column":6}},"34":{"start":{"line":80,"column":6},"end":{"line":80,"column":33}},"35":{"start":{"line":80,"column":16},"end":{"line":80,"column":33}},"36":{"start":{"line":84,"column":2},"end":{"line":87,"column":8}},"37":{"start":{"line":90,"column":2},"end":{"line":90,"column":52}},"38":{"start":{"line":97,"column":2},"end":{"line":99,"column":3}},"39":{"start":{"line":98,"column":4},"end":{"line":98,"column":17}},"40":{"start":{"line":102,"column":2},"end":{"line":104,"column":4}},"41":{"start":{"line":103,"column":4},"end":{"line":103,"column":39}},"42":{"start":{"line":106,"column":16},"end":{"line":106,"column":47}},"43":{"start":{"line":107,"column":2},"end":{"line":107,"column":25}},"44":{"start":{"line":108,"column":2},"end":{"line":108,"column":15}},"45":{"start":{"line":109,"column":2},"end":{"line":109,"column":49}},"46":{"start":{"line":111,"column":2},"end":{"line":111,"column":66}},"47":{"start":{"line":115,"column":0},"end":{"line":119,"column":1}}},"fnMap":{"0":{"name":"(anonymous_0)","decl":{"start":{"line":13,"column":29},"end":{"line":13,"column":30}},"loc":{"start":{"line":13,"column":52},"end":{"line":28,"column":1}},"line":13},"1":{"name":"(anonymous_1)","decl":{"start":{"line":14,"column":42},"end":{"line":14,"column":43}},"loc":{"start":{"line":14,"column":48},"end":{"line":27,"column":3}},"line":14},"2":{"name":"(anonymous_2)","decl":{"start":{"line":14,"column":48},"end":{"line":14,"column":49}},"loc":{"start":{"line":14,"column":56},"end":{"line":27,"column":3}},"line":14},"3":{"name":"(anonymous_3)","decl":{"start":{"line":15,"column":14},"end":{"line":15,"column":15}},"loc":{"start":{"line":15,"column":23},"end":{"line":26,"column":5}},"line":15},"4":{"name":"(anonymous_4)","decl":{"start":{"line":19,"column":32},"end":{"line":19,"column":33}},"loc":{"start":{"line":19,"column":44},"end":{"line":22,"column":9}},"line":19},"5":{"name":"(anonymous_5)","decl":{"start":{"line":21,"column":66},"end":{"line":21,"column":67}},"loc":{"start":{"line":21,"column":79},"end":{"line":21,"column":98}},"line":21},"6":{"name":"getImportList","decl":{"start":{"line":33,"column":9},"end":{"line":33,"column":22}},"loc":{"start":{"line":33,"column":39},"end":{"line":47,"column":1}},"line":33},"7":{"name":"getContent","decl":{"start":{"line":52,"column":9},"end":{"line":52,"column":19}},"loc":{"start":{"line":52,"column":30},"end":{"line":72,"column":1}},"line":52},"8":{"name":"(anonymous_8)","decl":{"start":{"line":63,"column":23},"end":{"line":63,"column":24}},"loc":{"start":{"line":63,"column":31},"end":{"line":65,"column":5}},"line":63},"9":{"name":"compile","decl":{"start":{"line":77,"column":9},"end":{"line":77,"column":16}},"loc":{"start":{"line":77,"column":37},"end":{"line":91,"column":1}},"line":77},"10":{"name":"(anonymous_10)","decl":{"start":{"line":79,"column":22},"end":{"line":79,"column":23}},"loc":{"start":{"line":79,"column":39},"end":{"line":81,"column":5}},"line":79},"11":{"name":"insert","decl":{"start":{"line":96,"column":9},"end":{"line":96,"column":15}},"loc":{"start":{"line":96,"column":26},"end":{"line":112,"column":1}},"line":96},"12":{"name":"(anonymous_12)","decl":{"start":{"line":102,"column":51},"end":{"line":102,"column":52}},"loc":{"start":{"line":102,"column":60},"end":{"line":104,"column":3}},"line":102}},"branchMap":{"0":{"loc":{"start":{"line":13,"column":39},"end":{"line":13,"column":50}},"type":"default-arg","locations":[{"start":{"line":13,"column":48},"end":{"line":13,"column":50}}],"line":13},"1":{"loc":{"start":{"line":16,"column":6},"end":{"line":25,"column":7}},"type":"if","locations":[{"start":{"line":16,"column":6},"end":{"line":25,"column":7}},{"start":{"line":16,"column":6},"end":{"line":25,"column":7}}],"line":16},"2":{"loc":{"start":{"line":38,"column":9},"end":{"line":38,"column":46}},"type":"binary-expr","locations":[{"start":{"line":38,"column":9},"end":{"line":38,"column":16}},{"start":{"line":38,"column":21},"end":{"line":38,"column":31}},{"start":{"line":38,"column":35},"end":{"line":38,"column":45}}],"line":38},"3":{"loc":{"start":{"line":41,"column":46},"end":{"line":41,"column":70}},"type":"binary-expr","locations":[{"start":{"line":41,"column":46},"end":{"line":41,"column":56}},{"start":{"line":41,"column":60},"end":{"line":41,"column":70}}],"line":41},"4":{"loc":{"start":{"line":54,"column":2},"end":{"line":56,"column":3}},"type":"if","locations":[{"start":{"line":54,"column":2},"end":{"line":56,"column":3}},{"start":{"line":54,"column":2},"end":{"line":56,"column":3}}],"line":54},"5":{"loc":{"start":{"line":60,"column":2},"end":{"line":66,"column":3}},"type":"if","locations":[{"start":{"line":60,"column":2},"end":{"line":66,"column":3}},{"start":{"line":60,"column":2},"end":{"line":66,"column":3}}],"line":60},"6":{"loc":{"start":{"line":69,"column":24},"end":{"line":69,"column":34}},"type":"binary-expr","locations":[{"start":{"line":69,"column":24},"end":{"line":69,"column":28}},{"start":{"line":69,"column":32},"end":{"line":69,"column":34}}],"line":69},"7":{"loc":{"start":{"line":77,"column":23},"end":{"line":77,"column":35}},"type":"default-arg","locations":[{"start":{"line":77,"column":33},"end":{"line":77,"column":35}}],"line":77},"8":{"loc":{"start":{"line":78,"column":2},"end":{"line":82,"column":3}},"type":"if","locations":[{"start":{"line":78,"column":2},"end":{"line":82,"column":3}},{"start":{"line":78,"column":2},"end":{"line":82,"column":3}}],"line":78},"9":{"loc":{"start":{"line":80,"column":6},"end":{"line":80,"column":33}},"type":"if","locations":[{"start":{"line":80,"column":6},"end":{"line":80,"column":33}},{"start":{"line":80,"column":6},"end":{"line":80,"column":33}}],"line":80},"10":{"loc":{"start":{"line":97,"column":2},"end":{"line":99,"column":3}},"type":"if","locations":[{"start":{"line":97,"column":2},"end":{"line":99,"column":3}},{"start":{"line":97,"column":2},"end":{"line":99,"column":3}}],"line":97}},"s":{"0":21,"1":21,"2":21,"3":21,"4":21,"5":21,"6":21,"7":27,"8":27,"9":27,"10":60,"11":28,"12":28,"13":29,"14":38,"15":28,"16":8,"17":8,"18":8,"19":8,"20":3,"21":3,"22":8,"23":18,"24":4,"25":14,"26":14,"27":8,"28":8,"29":3,"30":14,"31":14,"32":27,"33":3,"34":3,"35":3,"36":27,"37":27,"38":14,"39":1,"40":14,"41":1,"42":14,"43":14,"44":14,"45":14,"46":14,"47":21},"f":{"0":27,"1":27,"2":27,"3":60,"4":29,"5":38,"6":8,"7":18,"8":3,"9":27,"10":3,"11":14,"12":1},"b":{"0":[0],"1":[28,32],"2":[11,3,1],"3":[3,1],"4":[4,14],"5":[8,6],"6":[14,6],"7":[0],"8":[3,24],"9":[3,0],"10":[1,13]},"_coverageSchema":"332fd63041d2c1bcb487cc26dd0d5f7d97098a6c","hash":"215f53648e104ce2ecb850ad3731e7a0bb83006c"}
}
