TN:
SF:/Users/wang/Desktop/工作/捷信/UnitTest/miniprogram-simulate-master/src/compile.js
FNF:0
FNH:0
DA:1,20
DA:2,20
DA:4,20
DA:5,20
DA:6,20
DA:8,20
DA:13,14
DA:15,14
DA:16,8
DA:18,8
DA:19,0
DA:20,0
DA:22,0
DA:26,8
DA:27,3
DA:29,5
DA:31,5
DA:33,5
DA:34,5
DA:37,8
DA:38,8
DA:41,8
DA:45,0
DA:49,8
DA:51,8
LF:25
LH:21
BRDA:15,0,0,6
BRDA:15,0,1,8
BRDA:16,1,0,8
BRDA:16,1,1,0
BRDA:18,2,0,0
BRDA:18,2,1,8
BRDA:20,3,0,0
BRDA:20,3,1,0
BRDA:26,4,0,3
BRDA:26,4,1,5
BRF:10
BRH:6
end_of_record
TN:
SF:/Users/wang/Desktop/工作/捷信/UnitTest/miniprogram-simulate-master/src/definition.js
FN:16,(anonymous_0)
FN:18,(anonymous_1)
FNF:2
FNH:2
FNDA:20,(anonymous_0)
FNDA:700,(anonymous_1)
DA:1,20
DA:3,20
DA:5,20
DA:16,20
DA:18,20
DA:19,700
DA:27,20
LF:7
LH:7
BRF:0
BRH:0
end_of_record
TN:
SF:/Users/wang/Desktop/工作/捷信/UnitTest/miniprogram-simulate-master/src/index.js
FN:17,(anonymous_0)
FN:34,(anonymous_1)
FN:39,behavior
FN:50,register
FN:108,load
FN:141,render
FN:157,match
FN:176,sleep
FN:177,(anonymous_8)
FN:178,(anonymous_9)
FN:187,scroll
FN:202,(anonymous_11)
FNF:12
FNH:12
FNDA:14,(anonymous_0)
FNDA:2,(anonymous_1)
FNDA:1,behavior
FNDA:20,register
FNDA:15,load
FNDA:14,render
FNDA:6,match
FNDA:10,sleep
FNDA:10,(anonymous_8)
FNDA:10,(anonymous_9)
FNDA:5,scroll
FNDA:26,(anonymous_11)
DA:2,20
DA:3,20
DA:5,20
DA:6,20
DA:7,20
DA:8,20
DA:9,20
DA:11,20
DA:12,20
DA:17,20
DA:18,14
DA:19,14
DA:28,14
DA:34,20
DA:40,1
DA:41,1
DA:44,0
DA:51,20
DA:53,4
DA:55,4
DA:58,16
DA:59,1
DA:62,15
DA:63,8
DA:66,15
DA:67,15
DA:72,15
DA:73,1
DA:77,14
DA:78,14
DA:79,14
DA:80,5
DA:81,5
DA:82,5
DA:84,5
DA:88,14
DA:89,14
DA:92,14
DA:95,14
DA:100,14
DA:102,14
DA:109,15
DA:110,4
DA:111,4
DA:114,15
DA:115,10
DA:120,5
DA:126,15
DA:130,15
DA:133,13
DA:135,13
DA:142,14
DA:144,13
DA:146,13
DA:148,12
DA:151,13
DA:158,6
DA:161,5
DA:164,5
DA:165,5
DA:167,5
DA:168,5
DA:170,5
DA:177,10
DA:178,10
DA:179,10
DA:188,5
DA:189,4
DA:191,4
DA:193,4
DA:194,4
DA:196,4
DA:197,4
DA:199,4
DA:200,4
DA:202,26
DA:203,26
DA:204,22
DA:207,26
DA:212,0
DA:217,20
DA:218,20
DA:220,20
LF:83
LH:81
BRDA:40,0,0,1
BRDA:40,0,1,0
BRDA:51,1,0,4
BRDA:51,1,1,16
BRDA:58,2,0,1
BRDA:58,2,1,15
BRDA:62,3,0,8
BRDA:62,3,1,7
BRDA:62,4,0,15
BRDA:62,4,1,7
BRDA:72,5,0,1
BRDA:72,5,1,14
BRDA:77,6,0,14
BRDA:77,6,1,0
BRDA:108,7,0,14
BRDA:109,8,0,4
BRDA:109,8,1,11
BRDA:114,9,0,10
BRDA:114,9,1,5
BRDA:142,10,0,1
BRDA:142,10,1,13
BRDA:146,11,0,12
BRDA:146,11,1,1
BRDA:158,12,0,1
BRDA:158,12,1,5
BRDA:158,13,0,6
BRDA:158,13,1,5
BRDA:158,13,2,5
BRDA:176,14,0,1
BRDA:187,15,0,1
BRDA:187,16,0,1
BRDA:187,17,0,4
BRDA:188,18,0,1
BRDA:188,18,1,4
BRDA:188,19,0,5
BRDA:188,19,1,4
BRDA:189,20,0,0
BRDA:189,20,1,4
BRDA:189,21,0,4
BRDA:189,21,1,4
BRDA:191,22,0,1
BRDA:191,22,1,3
BRDA:199,23,0,4
BRDA:199,23,1,0
BRDA:203,24,0,4
BRDA:203,24,1,22
BRF:46
BRH:42
end_of_record
TN:
SF:/Users/wang/Desktop/工作/捷信/UnitTest/miniprogram-simulate-master/src/polyfill.js
FN:7,(anonymous_0)
FN:17,(anonymous_1)
FN:23,(anonymous_2)
FNF:3
FNH:3
FNDA:6,(anonymous_0)
FNDA:36,(anonymous_1)
FNDA:20,(anonymous_2)
DA:1,20
DA:8,6
DA:9,6
DA:10,6
DA:11,6
DA:12,6
DA:13,6
DA:14,6
DA:15,6
DA:17,6
DA:18,36
DA:23,20
DA:24,20
DA:25,20
DA:26,20
LF:15
LH:15
BRDA:7,0,0,0
BRDA:24,1,0,20
BRDA:24,1,1,0
BRF:3
BRH:1
end_of_record
TN:
SF:/Users/wang/Desktop/工作/捷信/UnitTest/miniprogram-simulate-master/src/utils.js
FN:12,getEnv
FN:19,setNodeJsEnv
FN:24,(anonymous_2)
FN:34,setBrowserEnv
FN:42,(anonymous_4)
FN:49,(anonymous_5)
FN:77,readFile
FN:88,readJson
FN:100,transformRpx
FN:107,getCompiler
FNF:10
FNH:10
FNDA:27,getEnv
FNDA:23,setNodeJsEnv
FNDA:14,(anonymous_2)
FNDA:1,setBrowserEnv
FNDA:4,(anonymous_4)
FNDA:2,(anonymous_5)
FNDA:35,readFile
FNDA:18,readJson
FNDA:19,transformRpx
FNDA:20,getCompiler
DA:1,22
DA:3,22
DA:4,22
DA:5,22
DA:6,22
DA:7,22
DA:13,27
DA:20,23
DA:21,23
DA:23,23
DA:24,23
DA:26,14
DA:27,14
DA:35,1
DA:36,1
DA:38,5
DA:39,5
DA:42,1
DA:43,4
DA:44,4
DA:46,3
DA:47,3
DA:49,3
DA:50,2
DA:51,2
DA:54,3
DA:57,1
DA:61,22
DA:62,22
DA:64,22
DA:67,0
DA:71,0
DA:78,35
DA:79,35
DA:81,3
DA:89,18
DA:90,18
DA:91,18
DA:93,1
DA:101,19
DA:108,20
DA:111,22
LF:42
LH:40
BRDA:38,0,0,5
BRDA:38,0,1,0
BRDA:39,1,0,5
BRDA:39,1,1,1
BRDA:44,2,0,3
BRDA:44,2,1,1
BRDA:62,3,0,22
BRDA:62,3,1,0
BRDA:62,4,0,22
BRDA:62,4,1,22
BRF:10
BRH:8
end_of_record
TN:
SF:/Users/wang/Desktop/工作/捷信/UnitTest/miniprogram-simulate-master/src/wxss.js
FN:13,(anonymous_0)
FN:14,(anonymous_1)
FN:14,(anonymous_2)
FN:15,(anonymous_3)
FN:19,(anonymous_4)
FN:21,(anonymous_5)
FN:33,getImportList
FN:52,getContent
FN:63,(anonymous_8)
FN:77,compile
FN:79,(anonymous_10)
FN:96,insert
FN:102,(anonymous_12)
FNF:13
FNH:13
FNDA:27,(anonymous_0)
FNDA:27,(anonymous_1)
FNDA:27,(anonymous_2)
FNDA:60,(anonymous_3)
FNDA:29,(anonymous_4)
FNDA:38,(anonymous_5)
FNDA:8,getImportList
FNDA:18,getContent
FNDA:3,(anonymous_8)
FNDA:27,compile
FNDA:3,(anonymous_10)
FNDA:14,insert
FNDA:1,(anonymous_12)
DA:1,21
DA:2,21
DA:3,21
DA:4,21
DA:6,21
DA:8,21
DA:13,21
DA:14,27
DA:15,27
DA:16,60
DA:17,28
DA:19,28
DA:21,38
DA:24,28
DA:34,8
DA:35,8
DA:36,8
DA:38,8
DA:39,3
DA:43,3
DA:46,8
DA:54,18
DA:55,4
DA:58,14
DA:60,14
DA:61,8
DA:63,8
DA:64,3
DA:69,14
DA:71,14
DA:78,27
DA:79,3
DA:80,3
DA:84,27
DA:90,27
DA:97,14
DA:98,1
DA:102,14
DA:103,1
DA:106,14
DA:107,14
DA:108,14
DA:109,14
DA:111,14
DA:115,21
LF:45
LH:45
BRDA:13,0,0,0
BRDA:16,1,0,28
BRDA:16,1,1,32
BRDA:38,2,0,11
BRDA:38,2,1,3
BRDA:38,2,2,1
BRDA:41,3,0,3
BRDA:41,3,1,1
BRDA:54,4,0,4
BRDA:54,4,1,14
BRDA:60,5,0,8
BRDA:60,5,1,6
BRDA:69,6,0,14
BRDA:69,6,1,6
BRDA:77,7,0,0
BRDA:78,8,0,3
BRDA:78,8,1,24
BRDA:80,9,0,3
BRDA:80,9,1,0
BRDA:97,10,0,1
BRDA:97,10,1,13
BRF:21
BRH:18
end_of_record
